  [4;36;1mSQL (0.1ms)[0m   [0;1mSET NAMES 'utf8'[0m
  [4;35;1mSQL (0.1ms)[0m   [0mSET SQL_AUTO_IS_NULL=0[0m


Processing Rails::InfoController#properties (for 192.168.1.5 at 2010-05-20 00:57:39) [GET]
  [4;36;1mSQL (0.5ms)[0m   [0;1mSHOW TABLES[0m
Completed in 80ms (View: 11, DB: 1) | 200 OK [http://192.168.1.10/rails/info/properties]
  [4;35;1mSQL (0.1ms)[0m   [0mSET NAMES 'utf8'[0m
  [4;36;1mSQL (0.2ms)[0m   [0;1mSET SQL_AUTO_IS_NULL=0[0m


Processing Rails::InfoController#properties (for 192.168.1.5 at 2010-05-20 00:58:15) [GET]
  [4;35;1mSQL (0.4ms)[0m   [0mSHOW TABLES[0m
Completed in 18ms (View: 2, DB: 1) | 200 OK [http://192.168.1.10/rails/info/properties]
  [4;36;1mSQL (0.1ms)[0m   [0;1mSET NAMES 'utf8'[0m
  [4;35;1mSQL (0.1ms)[0m   [0mSET SQL_AUTO_IS_NULL=0[0m


Processing ApplicationController#index (for 192.168.1.5 at 2010-05-20 00:58:53) [GET]

ActionController::RoutingError (No route matches "/" with {:method=>:get}):
  

Rendering rescues/layout (not_found)
  [4;36;1mSQL (0.1ms)[0m   [0;1mSET NAMES 'utf8'[0m
  [4;35;1mSQL (0.1ms)[0m   [0mSET SQL_AUTO_IS_NULL=0[0m


Processing ApplicationController#index (for 192.168.1.5 at 2010-05-20 00:59:42) [GET]

ActionController::RoutingError (No route matches "/" with {:method=>:get}):
  

Rendering rescues/layout (not_found)
  [4;36;1mSQL (0.1ms)[0m   [0;1mSET NAMES 'utf8'[0m
  [4;35;1mSQL (0.1ms)[0m   [0mSET SQL_AUTO_IS_NULL=0[0m


Processing ApplicationController#index (for 192.168.1.5 at 2010-05-20 01:02:03) [GET]

ActionController::RoutingError (No route matches "/" with {:method=>:get}):
  

Rendering rescues/layout (not_found)
  [4;36;1mSQL (0.1ms)[0m   [0;1mSET NAMES 'utf8'[0m
  [4;35;1mSQL (0.1ms)[0m   [0mSET SQL_AUTO_IS_NULL=0[0m


Processing ApplicationController#index (for 192.168.1.5 at 2010-05-20 01:02:04) [GET]

ActionController::RoutingError (No route matches "/" with {:method=>:get}):
  

Rendering rescues/layout (not_found)
  [4;36;1mSQL (0.1ms)[0m   [0;1mSET NAMES 'utf8'[0m
  [4;35;1mSQL (0.1ms)[0m   [0mSET SQL_AUTO_IS_NULL=0[0m


Processing ApplicationController#index (for 192.168.1.10 at 2010-05-20 01:03:11) [GET]

ActionController::RoutingError (No route matches "/" with {:method=>:get}):
  

Rendering rescues/layout (not_found)
  [4;36;1mSQL (0.1ms)[0m   [0;1mSET NAMES 'utf8'[0m
  [4;35;1mSQL (0.1ms)[0m   [0mSET SQL_AUTO_IS_NULL=0[0m


Processing ApplicationController#index (for 192.168.1.10 at 2010-05-20 01:03:12) [GET]

ActionController::RoutingError (No route matches "/" with {:method=>:get}):
  

Rendering rescues/layout (not_found)
  [4;36;1mSQL (0.1ms)[0m   [0;1mSET NAMES 'utf8'[0m
  [4;35;1mSQL (0.1ms)[0m   [0mSET SQL_AUTO_IS_NULL=0[0m


Processing ApplicationController#index (for 192.168.1.5 at 2010-05-20 01:03:14) [GET]

ActionController::RoutingError (No route matches "/" with {:method=>:get}):
  

Rendering rescues/layout (not_found)
  [4;36;1mSQL (0.1ms)[0m   [0;1mSET NAMES 'utf8'[0m
  [4;35;1mSQL (0.1ms)[0m   [0mSET SQL_AUTO_IS_NULL=0[0m


Processing ApplicationController#index (for 192.168.1.10 at 2010-05-20 01:03:15) [GET]

ActionController::RoutingError (No route matches "/" with {:method=>:get}):
  

Rendering rescues/layout (not_found)
  [4;36;1mSQL (0.1ms)[0m   [0;1mSET NAMES 'utf8'[0m
  [4;35;1mSQL (0.1ms)[0m   [0mSET SQL_AUTO_IS_NULL=0[0m


Processing ApplicationController#index (for 192.168.1.10 at 2010-05-20 01:03:17) [GET]

ActionController::RoutingError (No route matches "/" with {:method=>:get}):
  

Rendering rescues/layout (not_found)
  [4;36;1mSQL (0.1ms)[0m   [0;1mSET NAMES 'utf8'[0m
  [4;35;1mSQL (0.2ms)[0m   [0mSET SQL_AUTO_IS_NULL=0[0m


Processing ApplicationController#index (for 192.168.1.10 at 2010-05-20 01:08:25) [GET]

ActionController::RoutingError (No route matches "/" with {:method=>:get}):
  

Rendering rescues/layout (not_found)
  [4;36;1mSQL (0.1ms)[0m   [0;1mSET NAMES 'utf8'[0m
  [4;35;1mSQL (0.1ms)[0m   [0mSET SQL_AUTO_IS_NULL=0[0m


Processing ApplicationController#index (for 192.168.1.10 at 2010-05-20 01:08:26) [GET]

ActionController::RoutingError (No route matches "/" with {:method=>:get}):
  

Rendering rescues/layout (not_found)
  [4;36;1mSQL (0.1ms)[0m   [0;1mSET NAMES 'utf8'[0m
  [4;35;1mSQL (0.2ms)[0m   [0mSET SQL_AUTO_IS_NULL=0[0m


Processing ApplicationController#index (for 192.168.1.10 at 2010-05-20 01:09:17) [GET]

ActionController::RoutingError (No route matches "/" with {:method=>:get}):
  

Rendering rescues/layout (not_found)
  [4;36;1mSQL (0.1ms)[0m   [0;1mSET NAMES 'utf8'[0m
  [4;35;1mSQL (0.1ms)[0m   [0mSET SQL_AUTO_IS_NULL=0[0m


Processing ApplicationController#index (for 192.168.1.10 at 2010-05-20 01:09:18) [GET]

ActionController::RoutingError (No route matches "/" with {:method=>:get}):
  

Rendering rescues/layout (not_found)
  [4;36;1mSQL (0.1ms)[0m   [0;1mSET NAMES 'utf8'[0m
  [4;35;1mSQL (0.1ms)[0m   [0mSET SQL_AUTO_IS_NULL=0[0m


Processing ApplicationController#index (for 192.168.1.10 at 2010-05-20 01:09:19) [GET]

ActionController::RoutingError (No route matches "/" with {:method=>:get}):
  

Rendering rescues/layout (not_found)
  [4;36;1mSQL (0.1ms)[0m   [0;1mSET NAMES 'utf8'[0m
  [4;35;1mSQL (0.1ms)[0m   [0mSET SQL_AUTO_IS_NULL=0[0m


Processing ApplicationController#index (for 192.168.1.10 at 2010-05-20 01:09:19) [GET]

ActionController::RoutingError (No route matches "/" with {:method=>:get}):
  

Rendering rescues/layout (not_found)
  [4;36;1mSQL (0.1ms)[0m   [0;1mSET NAMES 'utf8'[0m
  [4;35;1mSQL (0.1ms)[0m   [0mSET SQL_AUTO_IS_NULL=0[0m


Processing ApplicationController#index (for 192.168.1.10 at 2010-05-20 01:09:19) [GET]

ActionController::RoutingError (No route matches "/" with {:method=>:get}):
  

Rendering rescues/layout (not_found)
  [4;36;1mSQL (0.1ms)[0m   [0;1mSET NAMES 'utf8'[0m
  [4;35;1mSQL (0.1ms)[0m   [0mSET SQL_AUTO_IS_NULL=0[0m


Processing ApplicationController#index (for 192.168.1.10 at 2010-05-20 01:09:19) [GET]

ActionController::RoutingError (No route matches "/" with {:method=>:get}):
  

Rendering rescues/layout (not_found)
  [4;36;1mSQL (0.1ms)[0m   [0;1mSET NAMES 'utf8'[0m
  [4;35;1mSQL (0.1ms)[0m   [0mSET SQL_AUTO_IS_NULL=0[0m


Processing ApplicationController#index (for 192.168.1.10 at 2010-05-20 01:09:20) [GET]

ActionController::RoutingError (No route matches "/" with {:method=>:get}):
  

Rendering rescues/layout (not_found)
  [4;36;1mSQL (0.1ms)[0m   [0;1mSET NAMES 'utf8'[0m
  [4;35;1mSQL (0.1ms)[0m   [0mSET SQL_AUTO_IS_NULL=0[0m


Processing ApplicationController#index (for 192.168.1.10 at 2010-05-20 01:09:20) [GET]

ActionController::RoutingError (No route matches "/" with {:method=>:get}):
  

Rendering rescues/layout (not_found)
  [4;36;1mSQL (0.1ms)[0m   [0;1mSET NAMES 'utf8'[0m
  [4;35;1mSQL (0.1ms)[0m   [0mSET SQL_AUTO_IS_NULL=0[0m


Processing ApplicationController#index (for 192.168.1.10 at 2010-05-20 01:09:21) [GET]

ActionController::RoutingError (No route matches "/" with {:method=>:get}):
  

Rendering rescues/layout (not_found)
  [4;36;1mSQL (0.1ms)[0m   [0;1mSET NAMES 'utf8'[0m
  [4;35;1mSQL (0.1ms)[0m   [0mSET SQL_AUTO_IS_NULL=0[0m


Processing ApplicationController#index (for 192.168.1.10 at 2010-05-20 01:09:21) [GET]

ActionController::RoutingError (No route matches "/" with {:method=>:get}):
  

Rendering rescues/layout (not_found)
  [4;36;1mSQL (0.1ms)[0m   [0;1mSET NAMES 'utf8'[0m
  [4;35;1mSQL (0.1ms)[0m   [0mSET SQL_AUTO_IS_NULL=0[0m


Processing TitleController#index (for 192.168.1.10 at 2010-05-20 01:10:11) [GET]
Rendering title/index
Completed in 42ms (View: 39, DB: 0) | 200 OK [http://192.168.1.10/]
  [4;36;1mSQL (0.1ms)[0m   [0;1mSET NAMES 'utf8'[0m
  [4;35;1mSQL (0.1ms)[0m   [0mSET SQL_AUTO_IS_NULL=0[0m


Processing TitleController#index (for 192.168.1.10 at 2010-05-20 01:10:13) [GET]
Rendering title/index
Completed in 4ms (View: 1, DB: 0) | 200 OK [http://192.168.1.10/]
  [4;36;1mSQL (0.1ms)[0m   [0;1mSET NAMES 'utf8'[0m
  [4;35;1mSQL (0.1ms)[0m   [0mSET SQL_AUTO_IS_NULL=0[0m


Processing TitleController#index (for 192.168.1.10 at 2010-05-20 01:13:02) [GET]
Rendering title/index
Completed in 4ms (View: 1, DB: 0) | 200 OK [http://192.168.1.10/]
  [4;36;1mSQL (0.1ms)[0m   [0;1mSET NAMES 'utf8'[0m
  [4;35;1mSQL (0.1ms)[0m   [0mSET SQL_AUTO_IS_NULL=0[0m


Processing TitleController#index (for 192.168.1.10 at 2010-05-20 01:18:59) [GET]
Rendering title/index
Completed in 9ms (View: 6, DB: 0) | 200 OK [http://192.168.1.10/]
  [4;36;1mSQL (0.1ms)[0m   [0;1mSET NAMES 'utf8'[0m
  [4;35;1mSQL (0.1ms)[0m   [0mSET SQL_AUTO_IS_NULL=0[0m


Processing TitleController#index (for 192.168.1.10 at 2010-05-20 01:24:46) [GET]
Rendering title/index

ActionView::TemplateError (Missing template title/_user_bar.erb in view path app/views) on line #1 of app/views/title/index.html.erb:
1: <%= render :partial => "user_bar" %>

    app/views/title/index.html.erb:1

Rendered rescues/_trace (157.8ms)
Rendered rescues/_request_and_response (2.9ms)
Rendering rescues/layout (internal_server_error)
  [4;36;1mSQL (0.1ms)[0m   [0;1mSET NAMES 'utf8'[0m
  [4;35;1mSQL (0.1ms)[0m   [0mSET SQL_AUTO_IS_NULL=0[0m


Processing TitleController#index (for 192.168.1.10 at 2010-05-20 01:25:29) [GET]
Rendering title/index

ActionView::TemplateError (Missing template title/_user_bar.erb in view path app/views) on line #1 of app/views/title/index.html.erb:
1: <%= render :view => "users", :partial => "user_bar" %>

    app/views/title/index.html.erb:1

Rendered rescues/_trace (60.8ms)
Rendered rescues/_request_and_response (0.5ms)
Rendering rescues/layout (internal_server_error)
  [4;36;1mSQL (0.1ms)[0m   [0;1mSET NAMES 'utf8'[0m
  [4;35;1mSQL (0.1ms)[0m   [0mSET SQL_AUTO_IS_NULL=0[0m


Processing TitleController#index (for 192.168.1.10 at 2010-05-20 01:25:30) [GET]
Rendering title/index

ActionView::TemplateError (Missing template title/_user_bar.erb in view path app/views) on line #1 of app/views/title/index.html.erb:
1: <%= render :view => "users", :partial => "user_bar" %>

    app/views/title/index.html.erb:1

Rendered rescues/_trace (63.9ms)
Rendered rescues/_request_and_response (0.6ms)
Rendering rescues/layout (internal_server_error)
  [4;36;1mSQL (0.1ms)[0m   [0;1mSET NAMES 'utf8'[0m
  [4;35;1mSQL (0.1ms)[0m   [0mSET SQL_AUTO_IS_NULL=0[0m


Processing TitleController#index (for 192.168.1.10 at 2010-05-20 01:25:53) [GET]
Rendering title/index

ActionView::TemplateError (Missing template title/_user_bar.erb in view path app/views) on line #1 of app/views/title/index.html.erb:
1: <%= render :controller => "users", :partial => "user_bar" %>

    app/views/title/index.html.erb:1

Rendered rescues/_trace (162.8ms)
Rendered rescues/_request_and_response (0.6ms)
Rendering rescues/layout (internal_server_error)
  [4;36;1mSQL (0.1ms)[0m   [0;1mSET NAMES 'utf8'[0m
  [4;35;1mSQL (0.1ms)[0m   [0mSET SQL_AUTO_IS_NULL=0[0m


Processing TitleController#index (for 192.168.1.10 at 2010-05-20 01:25:54) [GET]
Rendering title/index

ActionView::TemplateError (Missing template title/_user_bar.erb in view path app/views) on line #1 of app/views/title/index.html.erb:
1: <%= render :controller => "users", :partial => "user_bar" %>

    app/views/title/index.html.erb:1

Rendered rescues/_trace (62.1ms)
Rendered rescues/_request_and_response (0.6ms)
Rendering rescues/layout (internal_server_error)
  [4;36;1mSQL (0.1ms)[0m   [0;1mSET NAMES 'utf8'[0m
  [4;35;1mSQL (0.1ms)[0m   [0mSET SQL_AUTO_IS_NULL=0[0m


Processing TitleController#index (for 192.168.1.10 at 2010-05-20 01:26:03) [GET]
Rendering title/index

ActionView::TemplateError (Missing template title/_user_bar.erb in view path app/views) on line #1 of app/views/title/index.html.erb:
1: <%= render :partial => "user_bar" %>

    app/views/title/index.html.erb:1

Rendered rescues/_trace (66.0ms)
Rendered rescues/_request_and_response (0.6ms)
Rendering rescues/layout (internal_server_error)
  [4;36;1mSQL (0.1ms)[0m   [0;1mSET NAMES 'utf8'[0m
  [4;35;1mSQL (0.1ms)[0m   [0mSET SQL_AUTO_IS_NULL=0[0m


Processing TitleController#index (for 192.168.1.10 at 2010-05-20 01:27:08) [GET]
Rendering title/index

ActionView::TemplateError (undefined method `logged_in?' for #<ActionView::Base:0xb6d8a930>) on line #1 of app/views/users/_user_bar.html.erb:
1: <% if logged_in? -%>
2:   <div id="user-bar-greeting">Logged in as <%= link_to_current_user :content_method => :login %></div>
3:   <div id="user-bar-action"  >(<%= link_to "Log out", logout_path, { :title => "Log out" }    %>)</div>
4: <% else -%>

    app/views/users/_user_bar.html.erb:1
    app/views/title/index.html.erb:1

Rendered rescues/_trace (174.4ms)
Rendered rescues/_request_and_response (0.7ms)
Rendering rescues/layout (internal_server_error)
  [4;36;1mSQL (0.1ms)[0m   [0;1mSET NAMES 'utf8'[0m
  [4;35;1mSQL (0.1ms)[0m   [0mSET SQL_AUTO_IS_NULL=0[0m


Processing TitleController#index (for 192.168.1.10 at 2010-05-20 01:28:15) [GET]
Rendering title/index

ActionView::TemplateError (undefined method `logged_in?' for #<ActionView::Base:0xb6edb99c>) on line #1 of app/views/users/_user_bar.html.erb:
1: <% if logged_in? -%>
2:   <div id="user-bar-greeting">Logged in as <%= link_to_current_user :content_method => :login %></div>
3:   <div id="user-bar-action"  >(<%= link_to "Log out", logout_path, { :title => "Log out" }    %>)</div>
4: <% else -%>

    app/views/users/_user_bar.html.erb:1
    app/views/title/index.html.erb:1

Rendered rescues/_trace (70.7ms)
Rendered rescues/_request_and_response (0.6ms)
Rendering rescues/layout (internal_server_error)
  [4;36;1mSQL (0.1ms)[0m   [0;1mSET NAMES 'utf8'[0m
  [4;35;1mSQL (0.1ms)[0m   [0mSET SQL_AUTO_IS_NULL=0[0m


Processing TitleController#index (for 192.168.1.10 at 2010-05-20 01:28:17) [GET]
Rendering title/index

ActionView::TemplateError (undefined method `logged_in?' for #<ActionView::Base:0xb7051dd0>) on line #1 of app/views/users/_user_bar.html.erb:
1: <% if logged_in? -%>
2:   <div id="user-bar-greeting">Logged in as <%= link_to_current_user :content_method => :login %></div>
3:   <div id="user-bar-action"  >(<%= link_to "Log out", logout_path, { :title => "Log out" }    %>)</div>
4: <% else -%>

    app/views/users/_user_bar.html.erb:1
    app/views/title/index.html.erb:1

Rendered rescues/_trace (74.6ms)
Rendered rescues/_request_and_response (0.6ms)
Rendering rescues/layout (internal_server_error)
  [4;36;1mSQL (0.1ms)[0m   [0;1mSET NAMES 'utf8'[0m
  [4;35;1mSQL (0.1ms)[0m   [0mSET SQL_AUTO_IS_NULL=0[0m


Processing TitleController#index (for 192.168.1.10 at 2010-05-20 01:28:19) [GET]
Rendering title/index

ActionView::TemplateError (undefined method `logged_in?' for #<ActionView::Base:0xb6ca18fc>) on line #1 of app/views/users/_user_bar.html.erb:
1: <% if logged_in? -%>
2:   <div id="user-bar-greeting">Logged in as <%= link_to_current_user :content_method => :login %></div>
3:   <div id="user-bar-action"  >(<%= link_to "Log out", logout_path, { :title => "Log out" }    %>)</div>
4: <% else -%>

    app/views/users/_user_bar.html.erb:1
    app/views/title/index.html.erb:1

Rendered rescues/_trace (167.0ms)
Rendered rescues/_request_and_response (0.6ms)
Rendering rescues/layout (internal_server_error)
  [4;36;1mSQL (0.1ms)[0m   [0;1mSET NAMES 'utf8'[0m
  [4;35;1mSQL (0.1ms)[0m   [0mSET SQL_AUTO_IS_NULL=0[0m


Processing UsersController#create (for 192.168.1.5 at 2010-05-20 01:29:23) [GET]

NameError (uninitialized constant User::Authentication):
  app/models/user.rb:4
  lib/authenticated_system.rb:138:in `logout_keeping_session!'
  app/controllers/users_controller.rb:12:in `create'

Rendered rescues/_trace (57.7ms)
Rendered rescues/_request_and_response (0.6ms)
Rendering rescues/layout (internal_server_error)
  [4;36;1mSQL (0.1ms)[0m   [0;1mSET NAMES 'utf8'[0m
  [4;35;1mSQL (0.2ms)[0m   [0mSET SQL_AUTO_IS_NULL=0[0m


Processing UsersController#create (for 192.168.1.5 at 2010-05-20 01:30:43) [GET]

NameError (uninitialized constant User::Authentication):
  app/models/user.rb:4
  lib/authenticated_system.rb:138:in `logout_keeping_session!'
  app/controllers/users_controller.rb:12:in `create'

Rendered rescues/_trace (154.3ms)
Rendered rescues/_request_and_response (0.6ms)
Rendering rescues/layout (internal_server_error)
  [4;36;1mSQL (0.1ms)[0m   [0;1mSET NAMES 'utf8'[0m
  [4;35;1mSQL (0.1ms)[0m   [0mSET SQL_AUTO_IS_NULL=0[0m


Processing UsersController#create (for 192.168.1.5 at 2010-05-20 01:30:44) [GET]

NameError (uninitialized constant User::Authentication):
  app/models/user.rb:4
  lib/authenticated_system.rb:138:in `logout_keeping_session!'
  app/controllers/users_controller.rb:12:in `create'

Rendered rescues/_trace (57.8ms)
Rendered rescues/_request_and_response (0.6ms)
Rendering rescues/layout (internal_server_error)
  [4;36;1mSQL (0.1ms)[0m   [0;1mSET NAMES 'utf8'[0m
  [4;35;1mSQL (0.1ms)[0m   [0mSET SQL_AUTO_IS_NULL=0[0m


Processing UsersController#create (for 192.168.1.5 at 2010-05-20 01:31:16) [GET]

NameError (uninitialized constant User::Authentication):
  app/models/user.rb:4
  lib/authenticated_system.rb:138:in `logout_keeping_session!'
  app/controllers/users_controller.rb:12:in `create'

Rendered rescues/_trace (148.8ms)
Rendered rescues/_request_and_response (0.6ms)
Rendering rescues/layout (internal_server_error)
  [4;36;1mSQL (0.1ms)[0m   [0;1mSET NAMES 'utf8'[0m
  [4;35;1mSQL (0.1ms)[0m   [0mSET SQL_AUTO_IS_NULL=0[0m


Processing UsersController#create (for 192.168.1.5 at 2010-05-20 01:31:18) [GET]

NameError (uninitialized constant User::Authentication):
  app/models/user.rb:4
  lib/authenticated_system.rb:138:in `logout_keeping_session!'
  app/controllers/users_controller.rb:12:in `create'

Rendered rescues/_trace (57.2ms)
Rendered rescues/_request_and_response (0.6ms)
Rendering rescues/layout (internal_server_error)
  [4;36;1mSQL (0.1ms)[0m   [0;1mSET NAMES 'utf8'[0m
  [4;35;1mSQL (0.1ms)[0m   [0mSET SQL_AUTO_IS_NULL=0[0m


Processing UsersController#create (for 192.168.1.5 at 2010-05-20 01:31:21) [GET]

NameError (uninitialized constant User::Authentication):
  app/models/user.rb:4
  lib/authenticated_system.rb:138:in `logout_keeping_session!'
  app/controllers/users_controller.rb:12:in `create'

Rendered rescues/_trace (62.6ms)
Rendered rescues/_request_and_response (0.6ms)
Rendering rescues/layout (internal_server_error)
  [4;36;1mSQL (0.1ms)[0m   [0;1mSET NAMES 'utf8'[0m
  [4;35;1mSQL (0.1ms)[0m   [0mSET SQL_AUTO_IS_NULL=0[0m


Processing UsersController#create (for 192.168.1.5 at 2010-05-20 01:31:43) [GET]

NameError (uninitialized constant User::Authentication):
  app/models/user.rb:4
  lib/authenticated_system.rb:138:in `logout_keeping_session!'
  app/controllers/users_controller.rb:12:in `create'

Rendered rescues/_trace (58.9ms)
Rendered rescues/_request_and_response (0.6ms)
Rendering rescues/layout (internal_server_error)
  [4;36;1mSQL (0.1ms)[0m   [0;1mSET NAMES 'utf8'[0m
  [4;35;1mSQL (0.1ms)[0m   [0mSET SQL_AUTO_IS_NULL=0[0m


Processing UsersController#create (for 192.168.1.5 at 2010-05-20 01:31:44) [GET]

NameError (uninitialized constant User::Authentication):
  app/models/user.rb:4
  lib/authenticated_system.rb:138:in `logout_keeping_session!'
  app/controllers/users_controller.rb:12:in `create'

Rendered rescues/_trace (61.9ms)
Rendered rescues/_request_and_response (0.6ms)
Rendering rescues/layout (internal_server_error)
  [4;36;1mSQL (0.1ms)[0m   [0;1mSET NAMES 'utf8'[0m
  [4;35;1mSQL (0.1ms)[0m   [0mSET SQL_AUTO_IS_NULL=0[0m


Processing UsersController#create (for 192.168.1.5 at 2010-05-20 01:33:27) [GET]

NameError (uninitialized constant User::Authentication):
  app/models/user.rb:4
  lib/authenticated_system.rb:138:in `logout_keeping_session!'
  app/controllers/users_controller.rb:12:in `create'

Rendered rescues/_trace (56.8ms)
Rendered rescues/_request_and_response (0.6ms)
Rendering rescues/layout (internal_server_error)
  [4;36;1mSQL (0.1ms)[0m   [0;1mSET NAMES 'utf8'[0m
  [4;35;1mSQL (0.1ms)[0m   [0mSET SQL_AUTO_IS_NULL=0[0m


Processing UsersController#create (for 192.168.1.5 at 2010-05-20 01:33:27) [GET]

NameError (uninitialized constant User::Authentication):
  app/models/user.rb:4
  lib/authenticated_system.rb:138:in `logout_keeping_session!'
  app/controllers/users_controller.rb:12:in `create'

Rendered rescues/_trace (61.1ms)
Rendered rescues/_request_and_response (0.6ms)
Rendering rescues/layout (internal_server_error)
  [4;36;1mSQL (0.1ms)[0m   [0;1mSET NAMES 'utf8'[0m
  [4;35;1mSQL (0.1ms)[0m   [0mSET SQL_AUTO_IS_NULL=0[0m


Processing SessionsController#new (for 192.168.1.5 at 2010-05-20 01:34:38) [GET]
Rendering sessions/new
Completed in 52ms (View: 49, DB: 0) | 200 OK [http://gift.me/login]
  [4;36;1mSQL (0.1ms)[0m   [0;1mSET NAMES 'utf8'[0m
  [4;35;1mSQL (0.1ms)[0m   [0mSET SQL_AUTO_IS_NULL=0[0m


Processing UsersController#create (for 192.168.1.5 at 2010-05-20 01:34:43) [GET]

NameError (uninitialized constant User::Authentication):
  app/models/user.rb:4
  lib/authenticated_system.rb:138:in `logout_keeping_session!'
  app/controllers/users_controller.rb:12:in `create'

Rendered rescues/_trace (153.1ms)
Rendered rescues/_request_and_response (0.6ms)
Rendering rescues/layout (internal_server_error)
  [4;36;1mSQL (0.1ms)[0m   [0;1mSET NAMES 'utf8'[0m
  [4;35;1mSQL (0.1ms)[0m   [0mSET SQL_AUTO_IS_NULL=0[0m


Processing UsersController#create (for 192.168.1.5 at 2010-05-20 09:53:25) [GET]

NameError (uninitialized constant User::Authentication):
  app/models/user.rb:4
  lib/authenticated_system.rb:138:in `logout_keeping_session!'
  app/controllers/users_controller.rb:12:in `create'

Rendered rescues/_trace (59.2ms)
Rendered rescues/_request_and_response (0.6ms)
Rendering rescues/layout (internal_server_error)
  [4;36;1mSQL (0.1ms)[0m   [0;1mSET NAMES 'utf8'[0m
  [4;35;1mSQL (0.1ms)[0m   [0mSET SQL_AUTO_IS_NULL=0[0m
  [4;36;1mSQL (0.3ms)[0m   [0;1mSHOW TABLES[0m
  [4;35;1mSQL (12.7ms)[0m   [0mCREATE TABLE `schema_migrations` (`version` varchar(255) NOT NULL) ENGINE=InnoDB[0m
  [4;36;1mSQL (4.1ms)[0m   [0;1mCREATE UNIQUE INDEX `unique_schema_migrations` ON `schema_migrations` (`version`)[0m
  [4;35;1mSQL (0.3ms)[0m   [0mSHOW TABLES[0m
  [4;36;1mSQL (0.3ms)[0m   [0;1mSELECT version FROM schema_migrations[0m
Migrating to CreateUsers (20100519211756)
  [4;35;1mSQL (0.4ms)[0m   [0mSHOW TABLES[0m
  [4;36;1mSQL (2.6ms)[0m   [0;1mCREATE TABLE `users` (`id` int(11) DEFAULT NULL auto_increment PRIMARY KEY, `login` varchar(40), `name` varchar(100) DEFAULT '', `email` varchar(100), `crypted_password` varchar(40), `salt` varchar(40), `created_at` datetime, `updated_at` datetime, `remember_token` varchar(40), `remember_token_expires_at` datetime) ENGINE=InnoDB[0m
  [4;35;1mSQL (9.8ms)[0m   [0mCREATE UNIQUE INDEX `index_users_on_login` ON `users` (`login`)[0m
  [4;36;1mSQL (0.5ms)[0m   [0;1mINSERT INTO schema_migrations (version) VALUES ('20100519211756')[0m
  [4;35;1mSQL (0.4ms)[0m   [0mSHOW TABLES[0m
  [4;36;1mSQL (0.3ms)[0m   [0;1mSELECT version FROM schema_migrations[0m
  [4;35;1mSQL (0.2ms)[0m   [0mSHOW TABLES[0m
  [4;36;1mSQL (1.1ms)[0m   [0;1mSHOW FIELDS FROM `users`[0m
  [4;35;1mSQL (0.9ms)[0m   [0mdescribe `users`[0m
  [4;36;1mSQL (0.4ms)[0m   [0;1mSHOW KEYS FROM `users`[0m
  [4;36;1mSQL (0.1ms)[0m   [0;1mSET NAMES 'utf8'[0m
  [4;35;1mSQL (0.1ms)[0m   [0mSET SQL_AUTO_IS_NULL=0[0m


Processing UsersController#create (for 192.168.1.5 at 2010-05-20 10:12:39) [GET]

NameError (uninitialized constant User::Authentication):
  app/models/user.rb:4
  lib/authenticated_system.rb:138:in `logout_keeping_session!'
  app/controllers/users_controller.rb:12:in `create'

Rendered rescues/_trace (155.9ms)
Rendered rescues/_request_and_response (0.6ms)
Rendering rescues/layout (internal_server_error)
  [4;36;1mSQL (0.1ms)[0m   [0;1mSET NAMES 'utf8'[0m
  [4;35;1mSQL (0.1ms)[0m   [0mSET SQL_AUTO_IS_NULL=0[0m


Processing UsersController#create (for 192.168.1.5 at 2010-05-20 10:12:40) [GET]

NameError (uninitialized constant User::Authentication):
  app/models/user.rb:4
  lib/authenticated_system.rb:138:in `logout_keeping_session!'
  app/controllers/users_controller.rb:12:in `create'

Rendered rescues/_trace (57.5ms)
Rendered rescues/_request_and_response (0.6ms)
Rendering rescues/layout (internal_server_error)
  [4;36;1mSQL (0.1ms)[0m   [0;1mSET NAMES 'utf8'[0m
  [4;35;1mSQL (0.1ms)[0m   [0mSET SQL_AUTO_IS_NULL=0[0m


Processing UsersController#create (for 192.168.1.5 at 2010-05-20 10:12:41) [GET]

NameError (uninitialized constant User::Authentication):
  app/models/user.rb:4
  lib/authenticated_system.rb:138:in `logout_keeping_session!'
  app/controllers/users_controller.rb:12:in `create'

Rendered rescues/_trace (61.5ms)
Rendered rescues/_request_and_response (0.6ms)
Rendering rescues/layout (internal_server_error)
  [4;36;1mSQL (0.1ms)[0m   [0;1mSET NAMES 'utf8'[0m
  [4;35;1mSQL (0.1ms)[0m   [0mSET SQL_AUTO_IS_NULL=0[0m


Processing UsersController#create (for 192.168.1.5 at 2010-05-20 10:13:46) [GET]

NameError (uninitialized constant User::Authentication):
  app/models/user.rb:4
  lib/authenticated_system.rb:138:in `logout_keeping_session!'
  app/controllers/users_controller.rb:12:in `create'

Rendered rescues/_trace (56.8ms)
Rendered rescues/_request_and_response (0.6ms)
Rendering rescues/layout (internal_server_error)
  [4;36;1mSQL (0.1ms)[0m   [0;1mSET NAMES 'utf8'[0m
  [4;35;1mSQL (0.1ms)[0m   [0mSET SQL_AUTO_IS_NULL=0[0m


Processing UsersController#create (for 192.168.1.5 at 2010-05-20 10:13:47) [GET]

NameError (uninitialized constant User::Authentication):
  app/models/user.rb:4
  lib/authenticated_system.rb:138:in `logout_keeping_session!'
  app/controllers/users_controller.rb:12:in `create'

Rendered rescues/_trace (60.7ms)
Rendered rescues/_request_and_response (0.6ms)
Rendering rescues/layout (internal_server_error)
  [4;36;1mSQL (0.1ms)[0m   [0;1mSET NAMES 'utf8'[0m
  [4;35;1mSQL (0.1ms)[0m   [0mSET SQL_AUTO_IS_NULL=0[0m


Processing UsersController#create (for 192.168.1.5 at 2010-05-20 10:13:47) [GET]

NameError (uninitialized constant User::Authentication):
  app/models/user.rb:4
  lib/authenticated_system.rb:138:in `logout_keeping_session!'
  app/controllers/users_controller.rb:12:in `create'

Rendered rescues/_trace (155.4ms)
Rendered rescues/_request_and_response (0.6ms)
Rendering rescues/layout (internal_server_error)
  [4;36;1mSQL (0.1ms)[0m   [0;1mSET NAMES 'utf8'[0m
  [4;35;1mSQL (0.2ms)[0m   [0mSET SQL_AUTO_IS_NULL=0[0m


Processing UsersController#create (for 192.168.1.5 at 2010-05-20 10:13:48) [GET]

NameError (uninitialized constant User::Authentication):
  app/models/user.rb:4
  lib/authenticated_system.rb:138:in `logout_keeping_session!'
  app/controllers/users_controller.rb:12:in `create'

Rendered rescues/_trace (61.1ms)
Rendered rescues/_request_and_response (0.6ms)
Rendering rescues/layout (internal_server_error)
  [4;36;1mSQL (0.1ms)[0m   [0;1mSET NAMES 'utf8'[0m
  [4;35;1mSQL (0.1ms)[0m   [0mSET SQL_AUTO_IS_NULL=0[0m


Processing UsersController#create (for 192.168.1.5 at 2010-05-20 10:16:57) [GET]
  [4;36;1mUser Columns (1.3ms)[0m   [0;1mSHOW FIELDS FROM `users`[0m
  [4;35;1mSQL (0.1ms)[0m   [0mBEGIN[0m
  [4;36;1mUser Load (0.5ms)[0m   [0;1mSELECT `users`.id FROM `users` WHERE (`users`.`login` IS NULL) LIMIT 1[0m
  [4;35;1mUser Load (0.3ms)[0m   [0mSELECT `users`.id FROM `users` WHERE (`users`.`email` IS NULL) LIMIT 1[0m
  [4;36;1mSQL (0.2ms)[0m   [0;1mROLLBACK[0m
Rendering users/new
Completed in 78ms (View: 38, DB: 3) | 200 OK [http://gift.me/register]
  [4;35;1mSQL (0.1ms)[0m   [0mSET NAMES 'utf8'[0m
  [4;36;1mSQL (0.1ms)[0m   [0;1mSET SQL_AUTO_IS_NULL=0[0m


Processing UsersController#create (for 192.168.1.5 at 2010-05-20 10:16:59) [GET]
  [4;35;1mUser Columns (1.2ms)[0m   [0mSHOW FIELDS FROM `users`[0m
  [4;36;1mSQL (0.1ms)[0m   [0;1mBEGIN[0m
  [4;35;1mUser Load (0.2ms)[0m   [0mSELECT `users`.id FROM `users` WHERE (`users`.`login` IS NULL) LIMIT 1[0m
  [4;36;1mUser Load (0.1ms)[0m   [0;1mSELECT `users`.id FROM `users` WHERE (`users`.`email` IS NULL) LIMIT 1[0m
  [4;35;1mSQL (0.2ms)[0m   [0mROLLBACK[0m
Rendering users/new
Completed in 50ms (View: 30, DB: 2) | 200 OK [http://gift.me/register]
  [4;36;1mSQL (0.1ms)[0m   [0;1mSET NAMES 'utf8'[0m
  [4;35;1mSQL (0.1ms)[0m   [0mSET SQL_AUTO_IS_NULL=0[0m


Processing UsersController#create (for 192.168.1.5 at 2010-05-20 10:17:03) [GET]
  [4;36;1mUser Columns (1.4ms)[0m   [0;1mSHOW FIELDS FROM `users`[0m
  [4;35;1mSQL (0.1ms)[0m   [0mBEGIN[0m
  [4;36;1mUser Load (0.2ms)[0m   [0;1mSELECT `users`.id FROM `users` WHERE (`users`.`login` IS NULL) LIMIT 1[0m
  [4;35;1mUser Load (0.1ms)[0m   [0mSELECT `users`.id FROM `users` WHERE (`users`.`email` IS NULL) LIMIT 1[0m
  [4;36;1mSQL (0.2ms)[0m   [0;1mROLLBACK[0m
Rendering users/new
Completed in 131ms (View: 32, DB: 2) | 200 OK [http://gift.me/register]
  [4;35;1mSQL (0.1ms)[0m   [0mSET NAMES 'utf8'[0m
  [4;36;1mSQL (0.1ms)[0m   [0;1mSET SQL_AUTO_IS_NULL=0[0m


Processing UsersController#create (for 192.168.1.5 at 2010-05-20 10:17:04) [GET]
  [4;35;1mUser Columns (1.2ms)[0m   [0mSHOW FIELDS FROM `users`[0m
  [4;36;1mSQL (0.1ms)[0m   [0;1mBEGIN[0m
  [4;35;1mUser Load (0.2ms)[0m   [0mSELECT `users`.id FROM `users` WHERE (`users`.`login` IS NULL) LIMIT 1[0m
  [4;36;1mUser Load (0.1ms)[0m   [0;1mSELECT `users`.id FROM `users` WHERE (`users`.`email` IS NULL) LIMIT 1[0m
  [4;35;1mSQL (0.2ms)[0m   [0mROLLBACK[0m
Rendering users/new
Completed in 51ms (View: 30, DB: 2) | 200 OK [http://gift.me/register]
  [4;36;1mSQL (0.1ms)[0m   [0;1mSET NAMES 'utf8'[0m
  [4;35;1mSQL (0.1ms)[0m   [0mSET SQL_AUTO_IS_NULL=0[0m


Processing SessionsController#new (for 192.168.1.5 at 2010-05-20 10:17:17) [GET]
Rendering sessions/new
Completed in 17ms (View: 14, DB: 0) | 200 OK [http://gift.me/login]
  [4;36;1mSQL (0.1ms)[0m   [0;1mSET NAMES 'utf8'[0m
  [4;35;1mSQL (0.1ms)[0m   [0mSET SQL_AUTO_IS_NULL=0[0m


Processing UsersController#create (for 192.168.1.5 at 2010-05-20 10:17:23) [GET]
  [4;36;1mUser Columns (1.2ms)[0m   [0;1mSHOW FIELDS FROM `users`[0m
  [4;35;1mSQL (0.1ms)[0m   [0mBEGIN[0m
  [4;36;1mUser Load (0.2ms)[0m   [0;1mSELECT `users`.id FROM `users` WHERE (`users`.`login` IS NULL) LIMIT 1[0m
  [4;35;1mUser Load (0.1ms)[0m   [0mSELECT `users`.id FROM `users` WHERE (`users`.`email` IS NULL) LIMIT 1[0m
  [4;36;1mSQL (0.2ms)[0m   [0;1mROLLBACK[0m
Rendering users/new
Completed in 50ms (View: 30, DB: 2) | 200 OK [http://gift.me/register/]
  [4;35;1mSQL (0.1ms)[0m   [0mSET NAMES 'utf8'[0m
  [4;36;1mSQL (0.1ms)[0m   [0;1mSET SQL_AUTO_IS_NULL=0[0m


Processing UsersController#create (for 192.168.1.5 at 2010-05-20 10:17:26) [POST]
  Parameters: {"user"=>{"password_confirmation"=>"", "password"=>"", "login"=>"", "email"=>""}, "commit"=>"Sign up", "authenticity_token"=>"xHCTZGB6HZrrYtkNUU3LIzT28xqsQRSEccxn3kYuraA="}
  [4;35;1mUser Columns (1.3ms)[0m   [0mSHOW FIELDS FROM `users`[0m
  [4;36;1mSQL (0.1ms)[0m   [0;1mBEGIN[0m
  [4;35;1mUser Load (0.5ms)[0m   [0mSELECT `users`.id FROM `users` WHERE (`users`.`login` = BINARY '') LIMIT 1[0m
  [4;36;1mUser Load (0.3ms)[0m   [0;1mSELECT `users`.id FROM `users` WHERE (`users`.`email` = BINARY '') LIMIT 1[0m
  [4;35;1mSQL (0.2ms)[0m   [0mROLLBACK[0m
Rendering users/new
Completed in 54ms (View: 31, DB: 3) | 200 OK [http://gift.me/users]
  [4;36;1mSQL (0.1ms)[0m   [0;1mSET NAMES 'utf8'[0m
  [4;35;1mSQL (0.1ms)[0m   [0mSET SQL_AUTO_IS_NULL=0[0m


Processing UsersController#create (for 192.168.1.5 at 2010-05-20 10:17:53) [POST]
  Parameters: {"user"=>{"password_confirmation"=>"qwerqwer", "password"=>"qwerqwer", "login"=>"4pcbr", "email"=>"o.s.sidorov@gmail.com"}, "commit"=>"Sign up", "authenticity_token"=>"xHCTZGB6HZrrYtkNUU3LIzT28xqsQRSEccxn3kYuraA="}
  [4;36;1mUser Columns (1.2ms)[0m   [0;1mSHOW FIELDS FROM `users`[0m
  [4;35;1mSQL (0.1ms)[0m   [0mBEGIN[0m
  [4;36;1mUser Load (0.5ms)[0m   [0;1mSELECT `users`.id FROM `users` WHERE (`users`.`login` = BINARY '4pcbr') LIMIT 1[0m
  [4;35;1mUser Load (0.3ms)[0m   [0mSELECT `users`.id FROM `users` WHERE (`users`.`email` = BINARY 'o.s.sidorov@gmail.com') LIMIT 1[0m
  [4;36;1mUser Create (0.5ms)[0m   [0;1mINSERT INTO `users` (`name`, `salt`, `updated_at`, `crypted_password`, `remember_token_expires_at`, `remember_token`, `login`, `email`, `created_at`) VALUES('', '2f5af38f5b447067e2450efb89a22f193db63be4', '2010-05-20 06:17:53', '08127bafb4d06417d2a6904c8e70eb4ebdfe3cfe', NULL, NULL, '4pcbr', 'o.s.sidorov@gmail.com', '2010-05-20 06:17:53')[0m
  [4;35;1mSQL (14.2ms)[0m   [0mCOMMIT[0m
Redirected to http://gift.me/
Completed in 38ms (DB: 17) | 302 Found [http://gift.me/users]
  [4;36;1mSQL (0.1ms)[0m   [0;1mSET NAMES 'utf8'[0m
  [4;35;1mSQL (0.1ms)[0m   [0mSET SQL_AUTO_IS_NULL=0[0m


Processing TitleController#index (for 192.168.1.10 at 2010-05-20 10:17:53) [GET]
Rendering title/index

ActionView::TemplateError (undefined method `logged_in?' for #<ActionView::Base:0xb6c9fb9c>) on line #1 of app/views/users/_user_bar.html.erb:
1: <% if logged_in? -%>
2:   <div id="user-bar-greeting">Logged in as <%= link_to_current_user :content_method => :login %></div>
3:   <div id="user-bar-action"  >(<%= link_to "Log out", logout_path, { :title => "Log out" }    %>)</div>
4: <% else -%>

    app/views/users/_user_bar.html.erb:1
    app/views/title/index.html.erb:1

Rendered rescues/_trace (165.9ms)
Rendered rescues/_request_and_response (3.7ms)
Rendering rescues/layout (internal_server_error)
  [4;36;1mSQL (0.1ms)[0m   [0;1mSET NAMES 'utf8'[0m
  [4;35;1mSQL (0.1ms)[0m   [0mSET SQL_AUTO_IS_NULL=0[0m


Processing TitleController#index (for 192.168.1.10 at 2010-05-20 10:18:18) [GET]
Rendering title/index

ActionView::TemplateError (undefined method `logged_in?' for #<ActionView::Base:0xb6d5620c>) on line #1 of app/views/users/_user_bar.html.erb:
1: <% if logged_in? -%>
2:   <div id="user-bar-greeting">Logged in as <%= link_to_current_user :content_method => :login %></div>
3:   <div id="user-bar-action"  >(<%= link_to "Log out", logout_path, { :title => "Log out" }    %>)</div>
4: <% else -%>

    app/views/users/_user_bar.html.erb:1
    app/views/title/index.html.erb:1

Rendered rescues/_trace (167.3ms)
Rendered rescues/_request_and_response (0.6ms)
Rendering rescues/layout (internal_server_error)
  [4;36;1mSQL (0.1ms)[0m   [0;1mSET NAMES 'utf8'[0m
  [4;35;1mSQL (0.1ms)[0m   [0mSET SQL_AUTO_IS_NULL=0[0m


Processing TitleController#index (for 192.168.1.10 at 2010-05-20 10:18:48) [GET]
Rendering title/index
  [4;36;1mUser Columns (1.3ms)[0m   [0;1mSHOW FIELDS FROM `users`[0m
  [4;35;1mUser Load (0.5ms)[0m   [0mSELECT * FROM `users` WHERE (`users`.`id` = 1) LIMIT 1[0m
Rendered users/_user_bar (43.1ms)
Completed in 48ms (View: 43, DB: 2) | 200 OK [http://192.168.1.10/]
  [4;36;1mSQL (0.1ms)[0m   [0;1mSET NAMES 'utf8'[0m
  [4;35;1mSQL (0.1ms)[0m   [0mSET SQL_AUTO_IS_NULL=0[0m


Processing TitleController#index (for 192.168.1.10 at 2010-05-20 10:19:46) [GET]
Rendering title/index
  [4;36;1mUser Columns (1.3ms)[0m   [0;1mSHOW FIELDS FROM `users`[0m
  [4;35;1mUser Load (0.1ms)[0m   [0mSELECT * FROM `users` WHERE (`users`.`id` = 1) LIMIT 1[0m
Rendered users/_user_bar (16.6ms)
Completed in 21ms (View: 17, DB: 2) | 200 OK [http://192.168.1.10/]
  [4;36;1mSQL (0.1ms)[0m   [0;1mSET NAMES 'utf8'[0m
  [4;35;1mSQL (0.1ms)[0m   [0mSET SQL_AUTO_IS_NULL=0[0m


Processing SessionsController#destroy (for 192.168.1.5 at 2010-05-20 10:19:52) [GET]
Redirected to http://gift.me/
Completed in 11ms (DB: 0) | 302 Found [http://gift.me/logout]
  [4;36;1mSQL (0.1ms)[0m   [0;1mSET NAMES 'utf8'[0m
  [4;35;1mSQL (0.1ms)[0m   [0mSET SQL_AUTO_IS_NULL=0[0m


Processing TitleController#index (for 192.168.1.10 at 2010-05-20 10:19:52) [GET]
Rendering title/index
Rendered users/_user_bar (1.5ms)
Completed in 6ms (View: 3, DB: 0) | 200 OK [http://192.168.1.10/]
  [4;36;1mSQL (0.1ms)[0m   [0;1mSET NAMES 'utf8'[0m
  [4;35;1mSQL (0.1ms)[0m   [0mSET SQL_AUTO_IS_NULL=0[0m


Processing SessionsController#new (for 192.168.1.5 at 2010-05-20 10:19:55) [GET]
Rendering sessions/new
Completed in 7ms (View: 4, DB: 0) | 200 OK [http://gift.me/login]
  [4;36;1mSQL (0.1ms)[0m   [0;1mSET NAMES 'utf8'[0m
  [4;35;1mSQL (0.1ms)[0m   [0mSET SQL_AUTO_IS_NULL=0[0m


Processing SessionsController#create (for 192.168.1.5 at 2010-05-20 10:20:01) [POST]
  Parameters: {"commit"=>"Log in", "authenticity_token"=>"ie2VUsVeTYzLi+FP9ih8/Ckp53tg/kH4crikLBbSRLE=", "login"=>"4pcbr", "password"=>"qwerqwer"}
  [4;36;1mUser Columns (1.2ms)[0m   [0;1mSHOW FIELDS FROM `users`[0m
  [4;35;1mUser Load (0.5ms)[0m   [0mSELECT * FROM `users` WHERE (`users`.`login` = '4pcbr') LIMIT 1[0m
  [4;36;1mSQL (0.1ms)[0m   [0;1mBEGIN[0m
  [4;35;1mSQL (0.1ms)[0m   [0mCOMMIT[0m
Redirected to http://gift.me/
Completed in 20ms (DB: 2) | 302 Found [http://gift.me/session]
  [4;36;1mSQL (0.1ms)[0m   [0;1mSET NAMES 'utf8'[0m
  [4;35;1mSQL (0.1ms)[0m   [0mSET SQL_AUTO_IS_NULL=0[0m


Processing TitleController#index (for 192.168.1.10 at 2010-05-20 10:20:01) [GET]
Rendering title/index
  [4;36;1mUser Columns (1.2ms)[0m   [0;1mSHOW FIELDS FROM `users`[0m
  [4;35;1mUser Load (0.1ms)[0m   [0mSELECT * FROM `users` WHERE (`users`.`id` = 1) LIMIT 1[0m
Rendered users/_user_bar (17.7ms)
Completed in 22ms (View: 18, DB: 2) | 200 OK [http://192.168.1.10/]
  [4;36;1mSQL (0.1ms)[0m   [0;1mSET NAMES 'utf8'[0m
  [4;35;1mSQL (0.1ms)[0m   [0mSET SQL_AUTO_IS_NULL=0[0m


Processing TitleController#index (for 192.168.1.10 at 2010-05-20 22:52:48) [GET]
Rendering title/index
  [4;36;1mUser Columns (1.3ms)[0m   [0;1mSHOW FIELDS FROM `users`[0m
  [4;35;1mUser Load (0.1ms)[0m   [0mSELECT * FROM `users` WHERE (`users`.`id` = 1) LIMIT 1[0m
Rendered users/_user_bar (16.9ms)
Completed in 21ms (View: 17, DB: 2) | 200 OK [http://192.168.1.10/]
  [4;36;1mSQL (0.1ms)[0m   [0;1mSET NAMES 'utf8'[0m
  [4;35;1mSQL (0.1ms)[0m   [0mSET SQL_AUTO_IS_NULL=0[0m


Processing TitleController#index (for 192.168.1.10 at 2010-05-20 22:52:49) [GET]
Rendering title/index
  [4;36;1mUser Columns (1.2ms)[0m   [0;1mSHOW FIELDS FROM `users`[0m
  [4;35;1mUser Load (0.1ms)[0m   [0mSELECT * FROM `users` WHERE (`users`.`id` = 1) LIMIT 1[0m
Rendered users/_user_bar (16.2ms)
Completed in 21ms (View: 16, DB: 2) | 200 OK [http://192.168.1.10/]
  [4;36;1mSQL (0.1ms)[0m   [0;1mSET NAMES 'utf8'[0m
  [4;35;1mSQL (0.1ms)[0m   [0mSET SQL_AUTO_IS_NULL=0[0m
  [4;36;1mSQL (0.3ms)[0m   [0;1mSHOW TABLES[0m
  [4;35;1mSQL (0.1ms)[0m   [0mSELECT version FROM schema_migrations[0m
Migrating to CreateUsers (20100519211756)
Migrating to CreateTableWishes (20100520185208)
  [4;36;1mSQL (5.2ms)[0m   [0;1mCREATE TABLE `gifts` (`id` int(11) DEFAULT NULL auto_increment PRIMARY KEY, `user_id` int(11), `pic_url` varchar(255), `name` varchar(255), `access` int(11), `state` int(11), `created_at` datetime, `updated_at` datetime) ENGINE=InnoDB[0m
  [4;35;1mSQL (31.1ms)[0m   [0mCREATE INDEX `index_gifts_on_user_id` ON `gifts` (`user_id`)[0m
  [4;36;1mSQL (0.6ms)[0m   [0;1mINSERT INTO schema_migrations (version) VALUES ('20100520185208')[0m
  [4;35;1mSQL (0.4ms)[0m   [0mSHOW TABLES[0m
  [4;36;1mSQL (0.3ms)[0m   [0;1mSELECT version FROM schema_migrations[0m
  [4;35;1mSQL (0.2ms)[0m   [0mSHOW TABLES[0m
  [4;36;1mSQL (1.0ms)[0m   [0;1mSHOW FIELDS FROM `gifts`[0m
  [4;35;1mSQL (0.9ms)[0m   [0mdescribe `gifts`[0m
  [4;36;1mSQL (0.4ms)[0m   [0;1mSHOW KEYS FROM `gifts`[0m
  [4;35;1mSQL (0.9ms)[0m   [0mSHOW FIELDS FROM `users`[0m
  [4;36;1mSQL (0.9ms)[0m   [0;1mdescribe `users`[0m
  [4;35;1mSQL (0.4ms)[0m   [0mSHOW KEYS FROM `users`[0m
  [4;36;1mSQL (0.1ms)[0m   [0;1mSET NAMES 'utf8'[0m
  [4;35;1mSQL (0.1ms)[0m   [0mSET SQL_AUTO_IS_NULL=0[0m
  [4;36;1mSQL (0.3ms)[0m   [0;1mSHOW TABLES[0m
  [4;35;1mSQL (0.1ms)[0m   [0mSELECT version FROM schema_migrations[0m
Migrating to CreateUsers (20100519211756)
Migrating to CreateTableWishes (20100520185208)
Migrating to CreateGifts (20100520192701)
  [4;36;1mSQL (6.1ms)[0m   [0;1mCREATE TABLE `gifts` (`id` int(11) DEFAULT NULL auto_increment PRIMARY KEY, `pic_url` varchar(255), `name` varchar(255), `access` int(11), `state` int(11), `user_id` int(11), `created_at` datetime, `updated_at` datetime) ENGINE=InnoDB[0m
  [4;35;1mSQL (0.5ms)[0m   [0mINSERT INTO schema_migrations (version) VALUES ('20100520192701')[0m
  [4;36;1mSQL (0.4ms)[0m   [0;1mSHOW TABLES[0m
  [4;35;1mSQL (0.3ms)[0m   [0mSELECT version FROM schema_migrations[0m
  [4;36;1mSQL (0.2ms)[0m   [0;1mSHOW TABLES[0m
  [4;35;1mSQL (1.0ms)[0m   [0mSHOW FIELDS FROM `gifts`[0m
  [4;36;1mSQL (0.9ms)[0m   [0;1mdescribe `gifts`[0m
  [4;35;1mSQL (0.4ms)[0m   [0mSHOW KEYS FROM `gifts`[0m
  [4;36;1mSQL (1.0ms)[0m   [0;1mSHOW FIELDS FROM `users`[0m
  [4;35;1mSQL (0.9ms)[0m   [0mdescribe `users`[0m
  [4;36;1mSQL (0.4ms)[0m   [0;1mSHOW KEYS FROM `users`[0m
  [4;36;1mSQL (0.1ms)[0m   [0;1mSET NAMES 'utf8'[0m
  [4;35;1mSQL (0.1ms)[0m   [0mSET SQL_AUTO_IS_NULL=0[0m


Processing TitleController#index (for 192.168.1.10 at 2010-05-20 23:31:15) [GET]
Rendering title/index
  [4;36;1mUser Columns (1.2ms)[0m   [0;1mSHOW FIELDS FROM `users`[0m
  [4;35;1mUser Load (0.1ms)[0m   [0mSELECT * FROM `users` WHERE (`users`.`id` = 1) LIMIT 1[0m
Rendered users/_user_bar (16.1ms)
Completed in 20ms (View: 16, DB: 2) | 200 OK [http://192.168.1.10/]
  [4;36;1mSQL (0.1ms)[0m   [0;1mSET NAMES 'utf8'[0m
  [4;35;1mSQL (0.1ms)[0m   [0mSET SQL_AUTO_IS_NULL=0[0m


Processing TitleController#index (for 192.168.1.10 at 2010-05-20 23:31:16) [GET]
Rendering title/index
  [4;36;1mUser Columns (1.2ms)[0m   [0;1mSHOW FIELDS FROM `users`[0m
  [4;35;1mUser Load (0.1ms)[0m   [0mSELECT * FROM `users` WHERE (`users`.`id` = 1) LIMIT 1[0m
Rendered users/_user_bar (16.1ms)
Completed in 20ms (View: 16, DB: 2) | 200 OK [http://192.168.1.10/]
  [4;36;1mSQL (0.1ms)[0m   [0;1mSET NAMES 'utf8'[0m
  [4;35;1mSQL (0.1ms)[0m   [0mSET SQL_AUTO_IS_NULL=0[0m


Processing TitleController#index (for 192.168.1.10 at 2010-05-20 23:31:16) [GET]
Rendering title/index
  [4;36;1mUser Columns (1.2ms)[0m   [0;1mSHOW FIELDS FROM `users`[0m
  [4;35;1mUser Load (0.2ms)[0m   [0mSELECT * FROM `users` WHERE (`users`.`id` = 1) LIMIT 1[0m
Rendered users/_user_bar (108.1ms)
Completed in 112ms (View: 108, DB: 2) | 200 OK [http://192.168.1.10/]
  [4;36;1mSQL (0.1ms)[0m   [0;1mSET NAMES 'utf8'[0m
  [4;35;1mSQL (0.1ms)[0m   [0mSET SQL_AUTO_IS_NULL=0[0m


Processing TitleController#index (for 192.168.1.10 at 2010-05-20 23:33:13) [GET]
Rendering title/index
  [4;36;1mUser Columns (1.3ms)[0m   [0;1mSHOW FIELDS FROM `users`[0m
  [4;35;1mUser Load (0.1ms)[0m   [0mSELECT * FROM `users` WHERE (`users`.`id` = 1) LIMIT 1[0m
Rendered users/_user_bar (17.5ms)
Completed in 22ms (View: 18, DB: 2) | 200 OK [http://192.168.1.10/]
  [4;36;1mSQL (0.1ms)[0m   [0;1mSET NAMES 'utf8'[0m
  [4;35;1mSQL (0.1ms)[0m   [0mSET SQL_AUTO_IS_NULL=0[0m


Processing TitleController#index (for 192.168.1.10 at 2010-05-20 23:33:14) [GET]
Rendering title/index
  [4;36;1mUser Columns (1.2ms)[0m   [0;1mSHOW FIELDS FROM `users`[0m
  [4;35;1mUser Load (0.1ms)[0m   [0mSELECT * FROM `users` WHERE (`users`.`id` = 1) LIMIT 1[0m
Rendered users/_user_bar (16.7ms)
Completed in 21ms (View: 17, DB: 2) | 200 OK [http://192.168.1.10/]
  [4;36;1mSQL (0.1ms)[0m   [0;1mSET NAMES 'utf8'[0m
  [4;35;1mSQL (0.1ms)[0m   [0mSET SQL_AUTO_IS_NULL=0[0m


Processing TitleController#index (for 192.168.1.10 at 2010-05-20 23:33:14) [GET]
Rendering title/index
  [4;36;1mUser Columns (1.2ms)[0m   [0;1mSHOW FIELDS FROM `users`[0m
  [4;35;1mUser Load (0.1ms)[0m   [0mSELECT * FROM `users` WHERE (`users`.`id` = 1) LIMIT 1[0m
Rendered users/_user_bar (16.2ms)
Completed in 20ms (View: 16, DB: 2) | 200 OK [http://192.168.1.10/]
  [4;36;1mSQL (0.1ms)[0m   [0;1mSET NAMES 'utf8'[0m
  [4;35;1mSQL (0.1ms)[0m   [0mSET SQL_AUTO_IS_NULL=0[0m


Processing TitleController#index (for 192.168.1.10 at 2010-05-20 23:33:14) [GET]
Rendering title/index
  [4;36;1mUser Columns (1.2ms)[0m   [0;1mSHOW FIELDS FROM `users`[0m
  [4;35;1mUser Load (0.1ms)[0m   [0mSELECT * FROM `users` WHERE (`users`.`id` = 1) LIMIT 1[0m
Rendered users/_user_bar (16.1ms)
Completed in 20ms (View: 16, DB: 2) | 200 OK [http://192.168.1.10/]
  [4;36;1mSQL (0.1ms)[0m   [0;1mSET NAMES 'utf8'[0m
  [4;35;1mSQL (0.2ms)[0m   [0mSET SQL_AUTO_IS_NULL=0[0m


Processing SessionsController#new (for 192.168.1.5 at 2010-05-20 23:33:18) [GET]
Rendering sessions/new
Completed in 7ms (View: 4, DB: 0) | 200 OK [http://gift.me/login]
  [4;36;1mSQL (0.1ms)[0m   [0;1mSET NAMES 'utf8'[0m
  [4;35;1mSQL (0.1ms)[0m   [0mSET SQL_AUTO_IS_NULL=0[0m


Processing TitleController#index (for 192.168.1.10 at 2010-05-20 23:37:39) [GET]
Rendering template within layouts/application
Rendering title/index
  [4;36;1mUser Columns (1.3ms)[0m   [0;1mSHOW FIELDS FROM `users`[0m
  [4;35;1mUser Load (0.2ms)[0m   [0mSELECT * FROM `users` WHERE (`users`.`id` = 1) LIMIT 1[0m
Rendered users/_user_bar (16.2ms)
Completed in 30ms (View: 26, DB: 2) | 200 OK [http://192.168.1.10/]
  [4;36;1mSQL (0.1ms)[0m   [0;1mSET NAMES 'utf8'[0m
  [4;35;1mSQL (0.1ms)[0m   [0mSET SQL_AUTO_IS_NULL=0[0m


Processing TitleController#index (for 192.168.1.10 at 2010-05-20 23:37:47) [GET]
Rendering template within layouts/application
Rendering title/index
  [4;36;1mUser Columns (1.3ms)[0m   [0;1mSHOW FIELDS FROM `users`[0m
  [4;35;1mUser Load (0.1ms)[0m   [0mSELECT * FROM `users` WHERE (`users`.`id` = 1) LIMIT 1[0m
Rendered users/_user_bar (18.2ms)
Completed in 23ms (View: 19, DB: 2) | 200 OK [http://192.168.1.10/]
